<?xml version="1.0" encoding="UTF-8"?>
<testsuite name="tests.VennShapeTest" tests="2" skipped="0" failures="0" errors="0" timestamp="2020-03-02T18:00:48" hostname="Aitia" time="0.002">
  <properties/>
  <testcase name="testRightCircle()" classname="tests.VennShapeTest" time="0.001"/>
  <testcase name="testLeftCircle()" classname="tests.VennShapeTest" time="0.0"/>
  <system-out><![CDATA[]]></system-out>
  <system-err><![CDATA[]]></system-err>
</testsuite>
